2021-05-24 09:40:58.514  INFO 3772 --- [main] com.example.demo.DemoApplication         : Starting DemoApplication using Java 11.0.9.1 on ubuntu-Latitude-E5440 with PID 3772 (/home/ubuntu/Music/rest/demo/target/classes started by ubuntu in /home/ubuntu/Music/rest/demo)
2021-05-24 09:40:58.525  INFO 3772 --- [main] com.example.demo.DemoApplication         : No active profile set, falling back to default profiles: default
2021-05-24 09:40:59.983  INFO 3772 --- [main] .s.d.r.c.RepositoryConfigurationDelegate : Bootstrapping Spring Data JPA repositories in DEFAULT mode.
2021-05-24 09:41:00.079  INFO 3772 --- [main] .s.d.r.c.RepositoryConfigurationDelegate : Finished Spring Data repository scanning in 80 ms. Found 2 JPA repository interfaces.
2021-05-24 09:41:01.725  INFO 3772 --- [main] o.s.b.w.embedded.tomcat.TomcatWebServer  : Tomcat initialized with port(s): 8092 (http)
2021-05-24 09:41:01.743  INFO 3772 --- [main] o.apache.catalina.core.StandardService   : Starting service [Tomcat]
2021-05-24 09:41:01.743  INFO 3772 --- [main] org.apache.catalina.core.StandardEngine  : Starting Servlet engine: [Apache Tomcat/9.0.45]
2021-05-24 09:41:01.745  INFO 3772 --- [main] o.a.catalina.core.AprLifecycleListener   : An older version [1.2.21] of the Apache Tomcat Native library is installed, while Tomcat recommends a minimum version of [1.2.23]
2021-05-24 09:41:01.745  INFO 3772 --- [main] o.a.catalina.core.AprLifecycleListener   : Loaded Apache Tomcat Native library [1.2.21] using APR version [1.6.3].
2021-05-24 09:41:01.746  INFO 3772 --- [main] o.a.catalina.core.AprLifecycleListener   : APR capabilities: IPv6 [true], sendfile [true], accept filters [false], random [true].
2021-05-24 09:41:01.746  INFO 3772 --- [main] o.a.catalina.core.AprLifecycleListener   : APR/OpenSSL configuration: useAprConnector [false], useOpenSSL [true]
2021-05-24 09:41:01.751  INFO 3772 --- [main] o.a.catalina.core.AprLifecycleListener   : OpenSSL successfully initialized [OpenSSL 1.1.1  11 Sep 2018]
2021-05-24 09:41:02.168  INFO 3772 --- [main] org.apache.jasper.servlet.TldScanner     : At least one JAR was scanned for TLDs yet contained no TLDs. Enable debug logging for this logger for a complete list of JARs that were scanned but no TLDs were found in them. Skipping unneeded JARs during scanning can improve startup time and JSP compilation time.
2021-05-24 09:41:02.179  INFO 3772 --- [main] o.a.c.c.C.[Tomcat].[localhost].[/]       : Initializing Spring embedded WebApplicationContext
2021-05-24 09:41:02.179  INFO 3772 --- [main] w.s.c.ServletWebServerApplicationContext : Root WebApplicationContext: initialization completed in 3496 ms
2021-05-24 09:41:02.538  INFO 3772 --- [main] o.hibernate.jpa.internal.util.LogHelper  : HHH000204: Processing PersistenceUnitInfo [name: default]
2021-05-24 09:41:02.639  INFO 3772 --- [main] org.hibernate.Version                    : HHH000412: Hibernate ORM core version 5.4.30.Final
2021-05-24 09:41:02.902  INFO 3772 --- [main] o.hibernate.annotations.common.Version   : HCANN000001: Hibernate Commons Annotations {5.1.2.Final}
2021-05-24 09:41:03.076  INFO 3772 --- [main] com.zaxxer.hikari.HikariDataSource       : HikariPool-1 - Starting...
2021-05-24 09:41:03.083  WARN 3772 --- [main] com.zaxxer.hikari.util.DriverDataSource  : Registered driver with driverClassName=com.mysql.jdbc.Driver was not found, trying direct instantiation.
2021-05-24 09:41:03.734  INFO 3772 --- [main] com.zaxxer.hikari.HikariDataSource       : HikariPool-1 - Start completed.
2021-05-24 09:41:03.768  INFO 3772 --- [main] org.hibernate.dialect.Dialect            : HHH000400: Using dialect: org.hibernate.dialect.MySQLDialect
2021-05-24 09:41:05.139  INFO 3772 --- [main] o.h.e.t.j.p.i.JtaPlatformInitiator       : HHH000490: Using JtaPlatform implementation: [org.hibernate.engine.transaction.jta.platform.internal.NoJtaPlatform]
2021-05-24 09:41:05.152  INFO 3772 --- [main] j.LocalContainerEntityManagerFactoryBean : Initialized JPA EntityManagerFactory for persistence unit 'default'
2021-05-24 09:41:06.024  WARN 3772 --- [main] JpaBaseConfiguration$JpaWebConfiguration : spring.jpa.open-in-view is enabled by default. Therefore, database queries may be performed during view rendering. Explicitly configure spring.jpa.open-in-view to disable this warning
2021-05-24 09:41:06.221  INFO 3772 --- [main] o.s.s.concurrent.ThreadPoolTaskExecutor  : Initializing ExecutorService 'applicationTaskExecutor'
2021-05-24 09:41:06.654  INFO 3772 --- [main] o.s.b.w.embedded.tomcat.TomcatWebServer  : Tomcat started on port(s): 8092 (http) with context path ''
2021-05-24 09:41:06.672  INFO 3772 --- [main] com.example.demo.DemoApplication         : Started DemoApplication in 9.049 seconds (JVM running for 9.747)
2021-05-24 09:41:06.677  WARN 3772 --- [main] com.example.demo.DemoApplication         : Spring Boot started
2021-05-24 09:42:37.962  INFO 3772 --- [http-nio-8092-exec-1] o.a.c.c.C.[Tomcat].[localhost].[/]       : Initializing Spring DispatcherServlet 'dispatcherServlet'
2021-05-24 09:42:37.964  INFO 3772 --- [http-nio-8092-exec-1] o.s.web.servlet.DispatcherServlet        : Initializing Servlet 'dispatcherServlet'
2021-05-24 09:42:37.965  INFO 3772 --- [http-nio-8092-exec-1] o.s.web.servlet.DispatcherServlet        : Completed initialization in 1 ms
2021-05-24 09:42:38.102  INFO 3772 --- [http-nio-8092-exec-1] com.example.demo.Logger.LoggerClass      : Before method:String com.example.demo.Service.Impl.UserServiceImpl.insertUser(User)
2021-05-24 09:42:38.102  INFO 3772 --- [http-nio-8092-exec-1] com.example.demo.Logger.LoggerClass      : Creating User with userId - User [userId=user_7, designation=sse, experience=2, role=null]
2021-05-24 09:42:38.127  INFO 3772 --- [http-nio-8092-exec-1] com.example.demo.Logger.LoggerClass      : Method to insert
2021-05-24 09:54:03.753  INFO 3772 --- [SpringContextShutdownHook] o.s.s.concurrent.ThreadPoolTaskExecutor  : Shutting down ExecutorService 'applicationTaskExecutor'
2021-05-24 09:54:03.755  INFO 3772 --- [SpringContextShutdownHook] j.LocalContainerEntityManagerFactoryBean : Closing JPA EntityManagerFactory for persistence unit 'default'
2021-05-24 09:54:03.759  INFO 3772 --- [SpringContextShutdownHook] com.zaxxer.hikari.HikariDataSource       : HikariPool-1 - Shutdown initiated...
2021-05-24 09:54:03.776  INFO 3772 --- [SpringContextShutdownHook] com.zaxxer.hikari.HikariDataSource       : HikariPool-1 - Shutdown completed.
